# JRE version: Java(TM) SE Runtime Environment 18.9 (11.0.11+9) (build 11.0.11+9-LTS-194)
# Java VM: Java HotSpot(TM) 64-Bit Server VM 18.9 (11.0.11+9-LTS-194, mixed mode, tiered, compressed oops, g1 gc, windows-amd64)
Heap:
 garbage-first heap   total 157696K, used 76592K [0x0000000080000000, 0x0000000100000000)
  region size 1024K, 69 young (70656K), 9 survivors (9216K)
 Metaspace       used 42003K, capacity 43202K, committed 43392K, reserved 1087488K
  class space    used 5006K, capacity 5470K, committed 5504K, reserved 1048576K
GC Heap History (10 events):
Event: 2.203 GC heap before
{Heap before GC invocations=3 (full 0):
 garbage-first heap   total 131072K, used 21996K [0x0000000080000000, 0x0000000100000000)
  region size 1024K, 18 young (18432K), 2 survivors (2048K)
 Metaspace       used 11036K, capacity 11249K, committed 11392K, reserved 1058816K
  class space    used 1060K, capacity 1113K, committed 1152K, reserved 1048576K
}
Event: 2.210 GC heap after
{Heap after GC invocations=4 (full 0):
 garbage-first heap   total 131072K, used 6696K [0x0000000080000000, 0x0000000100000000)
  region size 1024K, 2 young (2048K), 2 survivors (2048K)
 Metaspace       used 11036K, capacity 11249K, committed 11392K, reserved 1058816K
  class space    used 1060K, capacity 1113K, committed 1152K, reserved 1048576K
}
Event: 4.391 GC heap before
{Heap before GC invocations=4 (full 0):
 garbage-first heap   total 131072K, used 77352K [0x0000000080000000, 0x0000000100000000)
  region size 1024K, 73 young (74752K), 2 survivors (2048K)
 Metaspace       used 20667K, capacity 21201K, committed 21248K, reserved 1069056K
  class space    used 2323K, capacity 2526K, committed 2560K, reserved 1048576K
}
Event: 4.404 GC heap after
{Heap after GC invocations=5 (full 0):
 garbage-first heap   total 157696K, used 8792K [0x0000000080000000, 0x0000000100000000)
  region size 1024K, 4 young (4096K), 4 survivors (4096K)
 Metaspace       used 20667K, capacity 21201K, committed 21248K, reserved 1069056K
  class space    used 2323K, capacity 2526K, committed 2560K, reserved 1048576K
}
Event: 6.168 GC heap before
{Heap before GC invocations=6 (full 0):
 garbage-first heap   total 157696K, used 97880K [0x0000000080000000, 0x0000000100000000)
  region size 1024K, 92 young (94208K), 4 survivors (4096K)
 Metaspace       used 27410K, capacity 28098K, committed 28288K, reserved 1075200K
  class space    used 3145K, capacity 3415K, committed 3456K, reserved 1048576K
}
Event: 6.182 GC heap after
{Heap after GC invocations=7 (full 0):
 garbage-first heap   total 157696K, used 11502K [0x0000000080000000, 0x0000000100000000)
  region size 1024K, 7 young (7168K), 7 survivors (7168K)
 Metaspace       used 27410K, capacity 28098K, committed 28288K, reserved 1075200K
  class space    used 3145K, capacity 3415K, committed 3456K, reserved 1048576K
}
Event: 9.639 GC heap before
{Heap before GC invocations=7 (full 0):
 garbage-first heap   total 157696K, used 87278K [0x0000000080000000, 0x0000000100000000)
  region size 1024K, 82 young (83968K), 7 survivors (7168K)
 Metaspace       used 34808K, capacity 35690K, committed 35840K, reserved 1081344K
  class space    used 4147K, capacity 4502K, committed 4608K, reserved 1048576K
}
Event: 9.661 GC heap after
{Heap after GC invocations=8 (full 0):
 garbage-first heap   total 157696K, used 14270K [0x0000000080000000, 0x0000000100000000)
  region size 1024K, 9 young (9216K), 9 survivors (9216K)
 Metaspace       used 34808K, capacity 35690K, committed 35840K, reserved 1081344K
  class space    used 4147K, capacity 4502K, committed 4608K, reserved 1048576K
}
Event: 12.182 GC heap before
{Heap before GC invocations=9 (full 0):
 garbage-first heap   total 157696K, used 98238K [0x0000000080000000, 0x0000000100000000)
  region size 1024K, 92 young (94208K), 9 survivors (9216K)
 Metaspace       used 39240K, capacity 40426K, committed 40576K, reserved 1085440K
  class space    used 4661K, capacity 5141K, committed 5248K, reserved 1048576K
}
Event: 12.211 GC heap after
{Heap after GC invocations=10 (full 0):
 garbage-first heap   total 157696K, used 17200K [0x0000000080000000, 0x0000000100000000)
  region size 1024K, 9 young (9216K), 9 survivors (9216K)
 Metaspace       used 39240K, capacity 40426K, committed 40576K, reserved 1085440K
  class space    used 4661K, capacity 5141K, committed 5248K, reserved 1048576K
}

