# JRE version: Java(TM) SE Runtime Environment 18.9 (11.0.11+9) (build 11.0.11+9-LTS-194)
# Java VM: Java HotSpot(TM) 64-Bit Server VM 18.9 (11.0.11+9-LTS-194, mixed mode, tiered, compressed oops, g1 gc, windows-amd64)
Heap:
 garbage-first heap   total 214016K, used 17734K [0x0000000080000000, 0x0000000100000000)
  region size 1024K, 9 young (9216K), 9 survivors (9216K)
 Metaspace       used 39217K, capacity 40424K, committed 40748K, reserved 1085440K
  class space    used 4662K, capacity 5141K, committed 5248K, reserved 1048576K
GC Heap History (10 events):
Event: 3.857 GC heap after
{Heap after GC invocations=6 (full 0):
 garbage-first heap   total 131072K, used 8699K [0x0000000080000000, 0x0000000100000000)
  region size 1024K, 4 young (4096K), 4 survivors (4096K)
 Metaspace       used 20229K, capacity 20727K, committed 20992K, reserved 1067008K
  class space    used 2266K, capacity 2453K, committed 2560K, reserved 1048576K
}
Event: 3.947 GC heap before
{Heap before GC invocations=6 (full 0):
 garbage-first heap   total 131072K, used 12795K [0x0000000080000000, 0x0000000100000000)
  region size 1024K, 9 young (9216K), 4 survivors (4096K)
 Metaspace       used 20696K, capacity 21259K, committed 21376K, reserved 1069056K
  class space    used 2359K, capacity 2588K, committed 2688K, reserved 1048576K
}
Event: 3.957 GC heap after
{Heap after GC invocations=7 (full 0):
 garbage-first heap   total 157696K, used 9004K [0x0000000080000000, 0x0000000100000000)
  region size 1024K, 4 young (4096K), 4 survivors (4096K)
 Metaspace       used 20696K, capacity 21259K, committed 21376K, reserved 1069056K
  class space    used 2359K, capacity 2588K, committed 2688K, reserved 1048576K
}
Event: 4.870 GC heap before
{Heap before GC invocations=8 (full 0):
 garbage-first heap   total 157696K, used 64300K [0x0000000080000000, 0x0000000100000000)
  region size 1024K, 59 young (60416K), 4 survivors (4096K)
 Metaspace       used 25167K, capacity 25790K, committed 25984K, reserved 1073152K
  class space    used 2915K, capacity 3157K, committed 3200K, reserved 1048576K
}
Event: 4.920 GC heap after
{Heap after GC invocations=9 (full 0):
 garbage-first heap   total 157696K, used 10493K [0x0000000080000000, 0x0000000100000000)
  region size 1024K, 6 young (6144K), 6 survivors (6144K)
 Metaspace       used 25167K, capacity 25790K, committed 25984K, reserved 1073152K
  class space    used 2915K, capacity 3157K, committed 3200K, reserved 1048576K
}
Event: 7.366 GC heap before
{Heap before GC invocations=9 (full 0):
 garbage-first heap   total 157696K, used 81149K [0x0000000080000000, 0x0000000100000000)
  region size 1024K, 76 young (77824K), 6 survivors (6144K)
 Metaspace       used 30900K, capacity 31763K, committed 32000K, reserved 1077248K
  class space    used 3626K, capacity 3975K, committed 4096K, reserved 1048576K
}
Event: 7.384 GC heap after
{Heap after GC invocations=10 (full 0):
 garbage-first heap   total 157696K, used 12503K [0x0000000080000000, 0x0000000100000000)
  region size 1024K, 7 young (7168K), 7 survivors (7168K)
 Metaspace       used 30900K, capacity 31763K, committed 32000K, reserved 1077248K
  class space    used 3626K, capacity 3975K, committed 4096K, reserved 1048576K
}
Event: 9.859 GC heap before
{Heap before GC invocations=10 (full 0):
 garbage-first heap   total 157696K, used 47319K [0x0000000080000000, 0x0000000100000000)
  region size 1024K, 42 young (43008K), 7 survivors (7168K)
 Metaspace       used 34683K, capacity 35581K, committed 35628K, reserved 1081344K
  class space    used 4133K, capacity 4467K, committed 4480K, reserved 1048576K
}
Event: 9.879 GC heap after
{Heap after GC invocations=11 (full 0):
 garbage-first heap   total 157696K, used 14561K [0x0000000080000000, 0x0000000100000000)
  region size 1024K, 8 young (8192K), 8 survivors (8192K)
 Metaspace       used 34683K, capacity 35581K, committed 35628K, reserved 1081344K
  class space    used 4133K, capacity 4467K, committed 4480K, reserved 1048576K
}
Event: 12.389 GC heap before
{Heap before GC invocations=12 (full 0):
 garbage-first heap   total 157696K, used 98529K [0x0000000080000000, 0x0000000100000000)
  region size 1024K, 91 young (93184K), 8 survivors (8192K)
 Metaspace       used 39217K, capacity 40424K, committed 40748K, reserved 1085440K
  class space    used 4662K, capacity 5141K, committed 5248K, reserved 1048576K
}

