# JRE version: Java(TM) SE Runtime Environment 18.9 (11.0.11+9) (build 11.0.11+9-LTS-194)
# Java VM: Java HotSpot(TM) 64-Bit Server VM 18.9 (11.0.11+9-LTS-194, mixed mode, tiered, compressed oops, g1 gc, windows-amd64)
Heap:
 garbage-first heap   total 157696K, used 60726K [0x0000000080000000, 0x0000000100000000)
  region size 1024K, 44 young (45056K), 8 survivors (8192K)
 Metaspace       used 61955K, capacity 63486K, committed 63616K, reserved 1103872K
  class space    used 7717K, capacity 8300K, committed 8320K, reserved 1048576K
GC Heap History (10 events):
Event: 10.615 GC heap before
{Heap before GC invocations=7 (full 0):
 garbage-first heap   total 131072K, used 82281K [0x0000000080000000, 0x0000000100000000)
  region size 1024K, 76 young (77824K), 6 survivors (6144K)
 Metaspace       used 32345K, capacity 33152K, committed 33408K, reserved 1079296K
  class space    used 3814K, capacity 4159K, committed 4224K, reserved 1048576K
}
Event: 10.635 GC heap after
{Heap after GC invocations=8 (full 0):
 garbage-first heap   total 131072K, used 13371K [0x0000000080000000, 0x0000000100000000)
  region size 1024K, 8 young (8192K), 8 survivors (8192K)
 Metaspace       used 32345K, capacity 33152K, committed 33408K, reserved 1079296K
  class space    used 3814K, capacity 4159K, committed 4224K, reserved 1048576K
}
Event: 12.165 GC heap before
{Heap before GC invocations=8 (full 0):
 garbage-first heap   total 131072K, used 35899K [0x0000000080000000, 0x0000000100000000)
  region size 1024K, 31 young (31744K), 8 survivors (8192K)
 Metaspace       used 34795K, capacity 35690K, committed 35840K, reserved 1081344K
  class space    used 4148K, capacity 4502K, committed 4608K, reserved 1048576K
}
Event: 12.187 GC heap after
{Heap after GC invocations=9 (full 0):
 garbage-first heap   total 157696K, used 13946K [0x0000000080000000, 0x0000000100000000)
  region size 1024K, 6 young (6144K), 6 survivors (6144K)
 Metaspace       used 34795K, capacity 35690K, committed 35840K, reserved 1081344K
  class space    used 4148K, capacity 4502K, committed 4608K, reserved 1048576K
}
Event: 15.158 GC heap before
{Heap before GC invocations=10 (full 0):
 garbage-first heap   total 157696K, used 100986K [0x0000000080000000, 0x0000000100000000)
  region size 1024K, 92 young (94208K), 6 survivors (6144K)
 Metaspace       used 39224K, capacity 40426K, committed 40576K, reserved 1085440K
  class space    used 4659K, capacity 5141K, committed 5248K, reserved 1048576K
}
Event: 15.178 GC heap after
{Heap after GC invocations=11 (full 0):
 garbage-first heap   total 157696K, used 17018K [0x0000000080000000, 0x0000000100000000)
  region size 1024K, 9 young (9216K), 9 survivors (9216K)
 Metaspace       used 39224K, capacity 40426K, committed 40576K, reserved 1085440K
  class space    used 4659K, capacity 5141K, committed 5248K, reserved 1048576K
}
Event: 18.773 GC heap before
{Heap before GC invocations=11 (full 0):
 garbage-first heap   total 157696K, used 100986K [0x0000000080000000, 0x0000000100000000)
  region size 1024K, 92 young (94208K), 9 survivors (9216K)
 Metaspace       used 47912K, capacity 49142K, committed 49408K, reserved 1091584K
  class space    used 5887K, capacity 6362K, committed 6400K, reserved 1048576K
}
Event: 18.801 GC heap after
{Heap after GC invocations=12 (full 0):
 garbage-first heap   total 157696K, used 21095K [0x0000000080000000, 0x0000000100000000)
  region size 1024K, 9 young (9216K), 9 survivors (9216K)
 Metaspace       used 47912K, capacity 49142K, committed 49408K, reserved 1091584K
  class space    used 5887K, capacity 6362K, committed 6400K, reserved 1048576K
}
Event: 22.422 GC heap before
{Heap before GC invocations=12 (full 0):
 garbage-first heap   total 157696K, used 97895K [0x0000000080000000, 0x0000000100000000)
  region size 1024K, 85 young (87040K), 9 survivors (9216K)
 Metaspace       used 58671K, capacity 60020K, committed 60160K, reserved 1101824K
  class space    used 7284K, capacity 7833K, committed 7936K, reserved 1048576K
}
Event: 22.450 GC heap after
{Heap after GC invocations=13 (full 0):
 garbage-first heap   total 157696K, used 24886K [0x0000000080000000, 0x0000000100000000)
  region size 1024K, 8 young (8192K), 8 survivors (8192K)
 Metaspace       used 58671K, capacity 60020K, committed 60160K, reserved 1101824K
  class space    used 7284K, capacity 7833K, committed 7936K, reserved 1048576K
}

