# JRE version: Java(TM) SE Runtime Environment 18.9 (11.0.11+9) (build 11.0.11+9-LTS-194)
# Java VM: Java HotSpot(TM) 64-Bit Server VM 18.9 (11.0.11+9-LTS-194, mixed mode, tiered, compressed oops, g1 gc, windows-amd64)
Heap:
 garbage-first heap   total 198656K, used 30115K [0x0000000080000000, 0x0000000100000000)
  region size 1024K, 26 young (26624K), 9 survivors (9216K)
 Metaspace       used 34791K, capacity 35669K, committed 35712K, reserved 1081344K
  class space    used 4142K, capacity 4472K, committed 4480K, reserved 1048576K
GC Heap History (10 events):
Event: 1.241 GC heap before
{Heap before GC invocations=4 (full 0):
 garbage-first heap   total 131072K, used 31240K [0x0000000080000000, 0x0000000100000000)
  region size 1024K, 27 young (27648K), 2 survivors (2048K)
 Metaspace       used 11288K, capacity 11496K, committed 11776K, reserved 1060864K
  class space    used 1086K, capacity 1153K, committed 1280K, reserved 1048576K
}
Event: 1.245 GC heap after
{Heap after GC invocations=5 (full 0):
 garbage-first heap   total 158720K, used 6629K [0x0000000080000000, 0x0000000100000000)
  region size 1024K, 2 young (2048K), 2 survivors (2048K)
 Metaspace       used 11288K, capacity 11496K, committed 11776K, reserved 1060864K
  class space    used 1086K, capacity 1153K, committed 1280K, reserved 1048576K
}
Event: 2.331 GC heap before
{Heap before GC invocations=5 (full 0):
 garbage-first heap   total 158720K, used 49637K [0x0000000080000000, 0x0000000100000000)
  region size 1024K, 44 young (45056K), 2 survivors (2048K)
 Metaspace       used 19811K, capacity 20370K, committed 20608K, reserved 1067008K
  class space    used 2206K, capacity 2420K, committed 2432K, reserved 1048576K
}
Event: 2.340 GC heap after
{Heap after GC invocations=6 (full 0):
 garbage-first heap   total 158720K, used 8694K [0x0000000080000000, 0x0000000100000000)
  region size 1024K, 4 young (4096K), 4 survivors (4096K)
 Metaspace       used 19811K, capacity 20370K, committed 20608K, reserved 1067008K
  class space    used 2206K, capacity 2420K, committed 2432K, reserved 1048576K
}
Event: 2.485 GC heap before
{Heap before GC invocations=6 (full 0):
 garbage-first heap   total 158720K, used 14838K [0x0000000080000000, 0x0000000100000000)
  region size 1024K, 11 young (11264K), 4 survivors (4096K)
 Metaspace       used 20701K, capacity 21198K, committed 21248K, reserved 1069056K
  class space    used 2338K, capacity 2525K, committed 2560K, reserved 1048576K
}
Event: 2.494 GC heap after
{Heap after GC invocations=7 (full 0):
 garbage-first heap   total 158720K, used 9001K [0x0000000080000000, 0x0000000100000000)
  region size 1024K, 4 young (4096K), 4 survivors (4096K)
 Metaspace       used 20701K, capacity 21198K, committed 21248K, reserved 1069056K
  class space    used 2338K, capacity 2525K, committed 2560K, reserved 1048576K
}
Event: 3.252 GC heap before
{Heap before GC invocations=8 (full 0):
 garbage-first heap   total 158720K, used 74537K [0x0000000080000000, 0x0000000100000000)
  region size 1024K, 69 young (70656K), 4 survivors (4096K)
 Metaspace       used 25482K, capacity 26111K, committed 26240K, reserved 1073152K
  class space    used 2931K, capacity 3157K, committed 3200K, reserved 1048576K
}
Event: 3.267 GC heap after
{Heap after GC invocations=9 (full 0):
 garbage-first heap   total 158720K, used 10519K [0x0000000080000000, 0x0000000100000000)
  region size 1024K, 6 young (6144K), 6 survivors (6144K)
 Metaspace       used 25482K, capacity 26111K, committed 26240K, reserved 1073152K
  class space    used 2931K, capacity 3157K, committed 3200K, reserved 1048576K
}
Event: 5.084 GC heap before
{Heap before GC invocations=9 (full 0):
 garbage-first heap   total 158720K, used 89367K [0x0000000080000000, 0x0000000100000000)
  region size 1024K, 84 young (86016K), 6 survivors (6144K)
 Metaspace       used 32689K, capacity 33640K, committed 33920K, reserved 1079296K
  class space    used 3850K, capacity 4192K, committed 4224K, reserved 1048576K
}
Event: 5.108 GC heap after
{Heap after GC invocations=10 (full 0):
 garbage-first heap   total 198656K, used 13731K [0x0000000080000000, 0x0000000100000000)
  region size 1024K, 9 young (9216K), 9 survivors (9216K)
 Metaspace       used 32689K, capacity 33640K, committed 33920K, reserved 1079296K
  class space    used 3850K, capacity 4192K, committed 4224K, reserved 1048576K
}

